[2025-08-04 17:28:11,818: INFO: utils: Note: NumExpr detected 12 cores but "NUMEXPR_MAX_THREADS" not set, so enforcing safe limit of 8.]
[2025-08-04 17:28:11,824: INFO: utils: NumExpr defaulting to 8 threads.]
[2025-08-04 17:28:15,175: INFO: main: >>>>>> stage Data Ingestion stage started <<<<<<]
[2025-08-04 17:28:15,183: INFO: common: yaml file: config\config.yaml loaded successfully]
[2025-08-04 17:28:15,236: INFO: common: yaml file: params.yaml loaded successfully]
[2025-08-04 17:28:15,258: INFO: common: created directory at: artifacts]
[2025-08-04 17:28:15,260: INFO: common: created directory at: artifacts/data_ingestion]
[2025-08-04 17:28:15,260: INFO: data_ingestion: Downloading data from https://drive.google.com/file/d/1vlhZ5c7abUKF8xXERIw6m9Te8fW7ohw3/view?usp=sharing into file artifacts/data_ingestion/data.zip]
[2025-08-04 17:28:21,087: INFO: data_ingestion: Downloaded data from https://drive.google.com/file/d/1vlhZ5c7abUKF8xXERIw6m9Te8fW7ohw3/view?usp=sharing into file artifacts/data_ingestion/data.zip]
[2025-08-04 17:28:21,588: INFO: main: >>>>>> stage Data Ingestion stage completed <<<<<<

x==========x]
[2025-08-04 17:28:21,588: INFO: main: *******************]
[2025-08-04 17:28:21,588: INFO: main: >>>>>> stage Prepare base model started <<<<<<]
[2025-08-04 17:28:21,588: INFO: common: yaml file: config\config.yaml loaded successfully]
[2025-08-04 17:28:21,588: INFO: common: yaml file: params.yaml loaded successfully]
[2025-08-04 17:28:21,588: INFO: common: created directory at: artifacts]
[2025-08-04 17:28:21,588: INFO: common: created directory at: artifacts/prepare_base_model]
[2025-08-04 17:28:26,071: WARNING: saving_utils: Compiled the loaded model, but the compiled metrics have yet to be built. `model.compile_metrics` will be empty until you train or evaluate the model.]
[2025-08-04 17:28:26,282: INFO: main: >>>>>> stage Prepare base model completed <<<<<<

x==========x]
